<?xml version="1.0" encoding="UTF-8"?>
<testsuite name="DataRepositoryTest" tests="1" skipped="0" failures="0" errors="0" timestamp="2020-02-14T06:15:47" hostname="mac3" time="0.074">
  <properties/>
  <testcase name="readMember()" classname="DataRepositoryTest" time="0.074"/>
  <system-out><![CDATA[]]></system-out>
  <system-err><![CDATA[]]></system-err>
</testsuite>
